2024-12-27 16:02:52,673 - INFO - 成功从文件 Steam Games 2024_Filled with MC and Twitch_used for Analysis.xlsx 中加载数据，数据形状为 (984, 45)
2024-12-27 16:02:52,675 - INFO - 类别已成功进行标签编码
2024-12-27 16:02:52,675 - INFO - Class 0: 0-20000
2024-12-27 16:02:52,675 - INFO - Class 1: 100000-200000
2024-12-27 16:02:52,675 - INFO - Class 2: 1000000-2000000
2024-12-27 16:02:52,675 - INFO - Class 3: 10000000-20000000
2024-12-27 16:02:52,675 - INFO - Class 4: 100000000-200000000
2024-12-27 16:02:52,675 - INFO - Class 5: 20000-50000
2024-12-27 16:02:52,675 - INFO - Class 6: 200000-500000
2024-12-27 16:02:52,675 - INFO - Class 7: 2000000-5000000
2024-12-27 16:02:52,675 - INFO - Class 8: 20000000-50000000
2024-12-27 16:02:52,675 - INFO - Class 9: 50000-100000
2024-12-27 16:02:52,675 - INFO - Class 10: 500000-1000000
2024-12-27 16:02:52,675 - INFO - Class 11: 5000000-10000000
2024-12-27 16:02:52,675 - INFO - Class 12: 50000000-100000000
2024-12-27 16:02:52,675 - INFO - 类别数量: 13
2024-12-27 16:02:52,676 - INFO - 缺失值已成功填充为0
2024-12-27 16:02:53,819 - INFO - 模型准确率: 0.4720812182741117
2024-12-27 16:02:53,820 - ERROR - 模型评估时发生错误: Number of classes, 12, does not match size of target_names, 13. Try specifying the labels parameter
2024-12-27 16:02:53,820 - ERROR - 整体运行过程中发生错误: Number of classes, 12, does not match size of target_names, 13. Try specifying the labels parameter
